[ 2019-01-05T01:35:29+08:00 ] 111.165.134.121 /
INFO: [ app_init ] --START--
INFO: Run Behavior\BuildLiteBehavior [ RunTime:0.000012s ]
INFO: [ app_init ] --END-- [ RunTime:0.000257s ]
INFO: [ app_begin ] --START--
INFO: Run Behavior\ReadHtmlCacheBehavior [ RunTime:0.000317s ]
INFO: [ app_begin ] --END-- [ RunTime:0.000374s ]
SQL: SHOW COLUMNS FROM `vv_config` [ RunTime:0.0008s ]
SQL: SELECT * FROM `vv_config`  [ RunTime:0.0002s ]
NOTIC: [8] Undefined index: imei /www/wwwroot/mh.lingdmh.com/Application/Home/Controller/HomeController.class.php 第 32 行.
NOTIC: [8] Undefined index: chapid /www/wwwroot/mh.lingdmh.com/Application/Home/Controller/HomeController.class.php 第 42 行.
NOTIC: [8] unserialize(): Error at offset 75 of 79 bytes /www/wwwroot/mh.lingdmh.com/Application/Home/Controller/HomeController.class.php 第 63 行.
NOTIC: [8] unserialize(): Error at offset 45 of 108 bytes /www/wwwroot/mh.lingdmh.com/Application/Home/Controller/HomeController.class.php 第 63 行.
NOTIC: [8] Undefined index: user_id /www/wwwroot/mh.lingdmh.com/Application/Home/Controller/HomeController.class.php 第 71 行.
NOTIC: [2] curl_setopt(): CURLOPT_FOLLOWLOCATION cannot be activated when safe_mode is enabled or an open_basedir is set /www/wwwroot/mh.lingdmh.com/Application/Common/Util/ddhttp.class.php 第 63 行.
SQL: SHOW COLUMNS FROM `vv_data` [ RunTime:0.0032s ]
SQL: SELECT * FROM `vv_data` WHERE ( date=20190104 ) LIMIT 1   [ RunTime:0.0002s ]
SQL: SHOW COLUMNS FROM `vv_order` [ RunTime:0.0031s ]
SQL: SELECT COUNT(*) AS tp_count FROM `vv_order` WHERE `create_time` BETWEEN 1546531200 AND 1546617600 LIMIT 1   [ RunTime:0.0002s ]
SQL: SELECT SUM(money) AS tp_sum FROM `vv_order` WHERE `create_time` BETWEEN 1546531200 AND 1546617600 LIMIT 1   [ RunTime:0.0002s ]
SQL: SHOW COLUMNS FROM `vv_user` [ RunTime:0.0038s ]
SQL: SELECT COUNT(*) AS tp_count FROM `vv_user` WHERE ( sub_time between 1546531200 and 1546617600 ) LIMIT 1   [ RunTime:0.0011s ]
SQL: INSERT INTO `vv_data` (`orders`,`total`,`subs`,`date`) VALUES ('0','0','0','20190104') [ RunTime:0.0011s ]
NOTIC: [8] Undefined index: isopen /www/wwwroot/mh.lingdmh.com/Application/Home/Controller/HomeController.class.php 第 130 行.
NOTIC: [8] Undefined variable: adsPic /www/wwwroot/mh.lingdmh.com/Application/Home/Controller/HomeController.class.php 第 163 行.
NOTIC: [8] Undefined index: uid /www/wwwroot/mh.lingdmh.com/Application/Home/Controller/HomeController.class.php 第 164 行.
NOTIC: [8] Undefined index: sort /www/wwwroot/mh.lingdmh.com/Application/Home/Controller/MhController.class.php 第 23 行.
SQL: SHOW COLUMNS FROM `vv_mh_list` [ RunTime:0.0007s ]
SQL: SELECT * FROM `vv_mh_list` WHERE `mhcate` LIKE '%5%' ORDER BY sort desc LIMIT 6   [ RunTime:0.0004s ]
NOTIC: [8] Undefined index: sort /www/wwwroot/mh.lingdmh.com/Application/Home/Controller/MhController.class.php 第 23 行.
SQL: SELECT * FROM `vv_mh_list` WHERE `mhcate` LIKE '%6%' ORDER BY sort desc LIMIT 6   [ RunTime:0.0002s ]
NOTIC: [8] Undefined index: sort /www/wwwroot/mh.lingdmh.com/Application/Home/Controller/MhController.class.php 第 23 行.
SQL: SELECT * FROM `vv_mh_list` WHERE `mhcate` LIKE '%7%' ORDER BY sort desc LIMIT 6   [ RunTime:0.0003s ]
NOTIC: [8] Undefined index: sort /www/wwwroot/mh.lingdmh.com/Application/Home/Controller/MhController.class.php 第 23 行.
SQL: SELECT * FROM `vv_mh_list` WHERE `mhcate` LIKE '%8%' ORDER BY sort desc LIMIT 6   [ RunTime:0.0003s ]
NOTIC: [8] Undefined index: sort /www/wwwroot/mh.lingdmh.com/Application/Home/Controller/MhController.class.php 第 23 行.
SQL: SELECT * FROM `vv_mh_list` WHERE `mhcate` LIKE '%9%' ORDER BY sort desc LIMIT 6   [ RunTime:0.0003s ]
NOTIC: [8] Undefined index: sort /www/wwwroot/mh.lingdmh.com/Application/Home/Controller/MhController.class.php 第 23 行.
SQL: SELECT * FROM `vv_mh_list` WHERE `mhcate` LIKE '%10%' ORDER BY sort desc LIMIT 6   [ RunTime:0.0003s ]
NOTIC: [8] Undefined index: sort /www/wwwroot/mh.lingdmh.com/Application/Home/Controller/MhController.class.php 第 23 行.
SQL: SELECT * FROM `vv_mh_list` WHERE `mhcate` LIKE '%11%' ORDER BY sort desc LIMIT 6   [ RunTime:0.0004s ]
NOTIC: [8] Undefined index: sort /www/wwwroot/mh.lingdmh.com/Application/Home/Controller/MhController.class.php 第 23 行.
SQL: SELECT * FROM `vv_mh_list` WHERE `mhcate` LIKE '%12%' ORDER BY sort desc LIMIT 6   [ RunTime:0.0003s ]
SQL: SELECT * FROM `vv_mh_list` WHERE `free_type` = 1 ORDER BY sort desc  [ RunTime:0.0003s ]
NOTIC: [2] Missing argument 2 for Common\Util\ddwechat::setParam(), called in /www/wwwroot/mh.lingdmh.com/Application/Home/Controller/MhController.class.php on line 32 and defined /www/wwwroot/mh.lingdmh.com/Application/Common/Util/ddwechat.class.php 第 39 行.
NOTIC: [2] curl_setopt(): CURLOPT_FOLLOWLOCATION cannot be activated when safe_mode is enabled or an open_basedir is set /www/wwwroot/mh.lingdmh.com/Application/Common/Util/ddhttp.class.php 第 63 行.
NOTIC: [2] curl_setopt(): CURLOPT_FOLLOWLOCATION cannot be activated when safe_mode is enabled or an open_basedir is set /www/wwwroot/mh.lingdmh.com/Application/Common/Util/ddhttp.class.php 第 63 行.
INFO: [ view_parse ] --START--
INFO: [ template_filter ] --START--
INFO: Run Behavior\ContentReplaceBehavior [ RunTime:0.000082s ]
INFO: [ template_filter ] --END-- [ RunTime:0.000144s ]
NOTIC: [8] Undefined variable: share /www/wwwroot/mh.lingdmh.com/Application/Runtime/Cache/Home/67199abba7efdab949490dffef721944.php 第 203 行.
NOTIC: [8] Undefined variable: share /www/wwwroot/mh.lingdmh.com/Application/Runtime/Cache/Home/67199abba7efdab949490dffef721944.php 第 204 行.
NOTIC: [8] Undefined variable: share /www/wwwroot/mh.lingdmh.com/Application/Runtime/Cache/Home/67199abba7efdab949490dffef721944.php 第 205 行.
NOTIC: [8] Undefined index: thirdcode /www/wwwroot/mh.lingdmh.com/Application/Runtime/Cache/Home/67199abba7efdab949490dffef721944.php 第 252 行.
INFO: Run Behavior\ParseTemplateBehavior [ RunTime:0.016149s ]
INFO: [ view_parse ] --END-- [ RunTime:0.016228s ]
INFO: [ view_filter ] --START--
INFO: Run Behavior\WriteHtmlCacheBehavior [ RunTime:0.000166s ]
INFO: [ view_filter ] --END-- [ RunTime:0.000196s ]
INFO: [ app_end ] --START--
INFO: Run Behavior\ShowPageTraceBehavior [ RunTime:0.000261s ]
INFO: [ app_end ] --END-- [ RunTime:0.000296s ]

[ 2019-01-05T01:35:34+08:00 ] 111.165.134.121 /index.php?m=&c=Book&a=index
INFO: [ app_init ] --START--
INFO: Run Behavior\BuildLiteBehavior [ RunTime:0.000011s ]
INFO: [ app_init ] --END-- [ RunTime:0.000230s ]
INFO: [ app_begin ] --START--
INFO: Run Behavior\ReadHtmlCacheBehavior [ RunTime:0.000281s ]
INFO: [ app_begin ] --END-- [ RunTime:0.000322s ]
SQL: SHOW COLUMNS FROM `vv_config` [ RunTime:0.0007s ]
SQL: SELECT * FROM `vv_config`  [ RunTime:0.0002s ]
NOTIC: [8] Undefined index: imei /www/wwwroot/mh.lingdmh.com/Application/Home/Controller/HomeController.class.php 第 32 行.
NOTIC: [8] Undefined index: chapid /www/wwwroot/mh.lingdmh.com/Application/Home/Controller/HomeController.class.php 第 42 行.
NOTIC: [8] unserialize(): Error at offset 75 of 79 bytes /www/wwwroot/mh.lingdmh.com/Application/Home/Controller/HomeController.class.php 第 63 行.
NOTIC: [8] unserialize(): Error at offset 45 of 108 bytes /www/wwwroot/mh.lingdmh.com/Application/Home/Controller/HomeController.class.php 第 63 行.
NOTIC: [8] Undefined index: user_id /www/wwwroot/mh.lingdmh.com/Application/Home/Controller/HomeController.class.php 第 71 行.
NOTIC: [2] curl_setopt(): CURLOPT_FOLLOWLOCATION cannot be activated when safe_mode is enabled or an open_basedir is set /www/wwwroot/mh.lingdmh.com/Application/Common/Util/ddhttp.class.php 第 63 行.
SQL: SHOW COLUMNS FROM `vv_data` [ RunTime:0.0008s ]
SQL: SELECT * FROM `vv_data` WHERE ( date=20190104 ) LIMIT 1   [ RunTime:0.0002s ]
NOTIC: [8] Undefined index: isopen /www/wwwroot/mh.lingdmh.com/Application/Home/Controller/HomeController.class.php 第 130 行.
NOTIC: [8] Undefined variable: adsPic /www/wwwroot/mh.lingdmh.com/Application/Home/Controller/HomeController.class.php 第 163 行.
NOTIC: [8] Undefined index: uid /www/wwwroot/mh.lingdmh.com/Application/Home/Controller/HomeController.class.php 第 164 行.
SQL: SHOW COLUMNS FROM `vv_book` [ RunTime:0.0006s ]
SQL: SELECT * FROM `vv_book` WHERE `bookcate` LIKE '%5%' ORDER BY sort desc LIMIT 6   [ RunTime:0.0005s ]
SQL: SELECT * FROM `vv_book` WHERE `bookcate` LIKE '%6%' ORDER BY sort desc LIMIT 6   [ RunTime:0.0004s ]
SQL: SELECT * FROM `vv_book` WHERE `bookcate` LIKE '%7%' ORDER BY sort desc LIMIT 6   [ RunTime:0.0004s ]
SQL: SELECT * FROM `vv_book` WHERE `bookcate` LIKE '%8%' ORDER BY sort desc LIMIT 6   [ RunTime:0.0003s ]
SQL: SELECT * FROM `vv_book` WHERE `bookcate` LIKE '%9%' ORDER BY sort desc LIMIT 6   [ RunTime:0.0003s ]
SQL: SELECT * FROM `vv_book` WHERE `bookcate` LIKE '%10%' ORDER BY sort desc LIMIT 6   [ RunTime:0.0003s ]
SQL: SELECT * FROM `vv_book` WHERE `free_type` = 1 ORDER BY sort desc  [ RunTime:0.0003s ]
NOTIC: [2] Missing argument 2 for Common\Util\ddwechat::setParam(), called in /www/wwwroot/mh.lingdmh.com/Application/Home/Controller/BookController.class.php on line 29 and defined /www/wwwroot/mh.lingdmh.com/Application/Common/Util/ddwechat.class.php 第 39 行.
NOTIC: [2] curl_setopt(): CURLOPT_FOLLOWLOCATION cannot be activated when safe_mode is enabled or an open_basedir is set /www/wwwroot/mh.lingdmh.com/Application/Common/Util/ddhttp.class.php 第 63 行.
NOTIC: [2] curl_setopt(): CURLOPT_FOLLOWLOCATION cannot be activated when safe_mode is enabled or an open_basedir is set /www/wwwroot/mh.lingdmh.com/Application/Common/Util/ddhttp.class.php 第 63 行.
INFO: [ view_parse ] --START--
INFO: [ template_filter ] --START--
INFO: Run Behavior\ContentReplaceBehavior [ RunTime:0.000077s ]
INFO: [ template_filter ] --END-- [ RunTime:0.000205s ]
NOTIC: [8] Undefined variable: share /www/wwwroot/mh.lingdmh.com/Application/Runtime/Cache/Home/88fd1496475deb2aa861d336784d55ed.php 第 195 行.
NOTIC: [8] Undefined index: thirdcode /www/wwwroot/mh.lingdmh.com/Application/Runtime/Cache/Home/88fd1496475deb2aa861d336784d55ed.php 第 251 行.
INFO: Run Behavior\ParseTemplateBehavior [ RunTime:0.012133s ]
INFO: [ view_parse ] --END-- [ RunTime:0.012184s ]
INFO: [ view_filter ] --START--
INFO: Run Behavior\WriteHtmlCacheBehavior [ RunTime:0.000168s ]
INFO: [ view_filter ] --END-- [ RunTime:0.000204s ]
INFO: [ app_end ] --START--
INFO: Run Behavior\ShowPageTraceBehavior [ RunTime:0.000266s ]
INFO: [ app_end ] --END-- [ RunTime:0.000308s ]

[ 2019-01-05T01:35:37+08:00 ] 111.165.134.121 /index.php?m=&c=Book&a=bookinfo&bid=18
INFO: [ app_init ] --START--
INFO: Run Behavior\BuildLiteBehavior [ RunTime:0.000012s ]
INFO: [ app_init ] --END-- [ RunTime:0.000307s ]
INFO: [ app_begin ] --START--
INFO: Run Behavior\ReadHtmlCacheBehavior [ RunTime:0.000259s ]
INFO: [ app_begin ] --END-- [ RunTime:0.000300s ]
SQL: SHOW COLUMNS FROM `vv_config` [ RunTime:0.0007s ]
SQL: SELECT * FROM `vv_config`  [ RunTime:0.0002s ]
NOTIC: [8] Undefined index: imei /www/wwwroot/mh.lingdmh.com/Application/Home/Controller/HomeController.class.php 第 32 行.
NOTIC: [8] Undefined index: chapid /www/wwwroot/mh.lingdmh.com/Application/Home/Controller/HomeController.class.php 第 42 行.
NOTIC: [8] unserialize(): Error at offset 75 of 79 bytes /www/wwwroot/mh.lingdmh.com/Application/Home/Controller/HomeController.class.php 第 63 行.
NOTIC: [8] unserialize(): Error at offset 45 of 108 bytes /www/wwwroot/mh.lingdmh.com/Application/Home/Controller/HomeController.class.php 第 63 行.
NOTIC: [8] Undefined index: user_id /www/wwwroot/mh.lingdmh.com/Application/Home/Controller/HomeController.class.php 第 71 行.
NOTIC: [2] curl_setopt(): CURLOPT_FOLLOWLOCATION cannot be activated when safe_mode is enabled or an open_basedir is set /www/wwwroot/mh.lingdmh.com/Application/Common/Util/ddhttp.class.php 第 63 行.
NOTIC: [8] Undefined index: parent /www/wwwroot/mh.lingdmh.com/Application/Home/Controller/HomeController.class.php 第 123 行.

[ 2019-01-05T01:35:37+08:00 ] 111.165.134.121 /index.php?m=&c=MhPublic&a=binding&fr=aHR0cDovL21oLmxpbmdkbWguY29tL2luZGV4LnBocD9tPSZjPUJvb2smYT1ib29raW5mbyZiaWQ9MTg%3D
INFO: [ app_init ] --START--
INFO: Run Behavior\BuildLiteBehavior [ RunTime:0.000016s ]
INFO: [ app_init ] --END-- [ RunTime:0.000248s ]
INFO: [ app_begin ] --START--
INFO: Run Behavior\ReadHtmlCacheBehavior [ RunTime:0.000302s ]
INFO: [ app_begin ] --END-- [ RunTime:0.000346s ]

[ 2019-01-05T01:35:46+08:00 ] 111.165.134.121 /index.php?m=&c=Book&a=bookinfo&bid=18
INFO: [ app_init ] --START--
INFO: Run Behavior\BuildLiteBehavior [ RunTime:0.000011s ]
INFO: [ app_init ] --END-- [ RunTime:0.000201s ]
INFO: [ app_begin ] --START--
INFO: Run Behavior\ReadHtmlCacheBehavior [ RunTime:0.000258s ]
INFO: [ app_begin ] --END-- [ RunTime:0.000301s ]
SQL: SHOW COLUMNS FROM `vv_config` [ RunTime:0.0007s ]
SQL: SELECT * FROM `vv_config`  [ RunTime:0.0002s ]
NOTIC: [8] Undefined index: imei /www/wwwroot/mh.lingdmh.com/Application/Home/Controller/HomeController.class.php 第 32 行.
NOTIC: [8] Undefined index: chapid /www/wwwroot/mh.lingdmh.com/Application/Home/Controller/HomeController.class.php 第 42 行.
NOTIC: [8] unserialize(): Error at offset 75 of 79 bytes /www/wwwroot/mh.lingdmh.com/Application/Home/Controller/HomeController.class.php 第 63 行.
NOTIC: [8] unserialize(): Error at offset 45 of 108 bytes /www/wwwroot/mh.lingdmh.com/Application/Home/Controller/HomeController.class.php 第 63 行.
NOTIC: [8] Undefined index: user_id /www/wwwroot/mh.lingdmh.com/Application/Home/Controller/HomeController.class.php 第 71 行.
NOTIC: [2] curl_setopt(): CURLOPT_FOLLOWLOCATION cannot be activated when safe_mode is enabled or an open_basedir is set /www/wwwroot/mh.lingdmh.com/Application/Common/Util/ddhttp.class.php 第 63 行.
NOTIC: [8] Undefined index: parent /www/wwwroot/mh.lingdmh.com/Application/Home/Controller/HomeController.class.php 第 123 行.

[ 2019-01-05T01:35:46+08:00 ] 111.165.134.121 /index.php?m=&c=MhPublic&a=binding&fr=aHR0cDovL21oLmxpbmdkbWguY29tL2luZGV4LnBocD9tPSZjPUJvb2smYT1ib29raW5mbyZiaWQ9MTg%3D
INFO: [ app_init ] --START--
INFO: Run Behavior\BuildLiteBehavior [ RunTime:0.000010s ]
INFO: [ app_init ] --END-- [ RunTime:0.000208s ]
INFO: [ app_begin ] --START--
INFO: Run Behavior\ReadHtmlCacheBehavior [ RunTime:0.000321s ]
INFO: [ app_begin ] --END-- [ RunTime:0.000364s ]

[ 2019-01-05T01:35:52+08:00 ] 111.165.134.121 /index.php?m=&c=Book&a=bookinfo&bid=98
INFO: [ app_init ] --START--
INFO: Run Behavior\BuildLiteBehavior [ RunTime:0.000011s ]
INFO: [ app_init ] --END-- [ RunTime:0.000206s ]
INFO: [ app_begin ] --START--
INFO: Run Behavior\ReadHtmlCacheBehavior [ RunTime:0.000266s ]
INFO: [ app_begin ] --END-- [ RunTime:0.000315s ]
SQL: SHOW COLUMNS FROM `vv_config` [ RunTime:0.0007s ]
SQL: SELECT * FROM `vv_config`  [ RunTime:0.0002s ]
NOTIC: [8] Undefined index: imei /www/wwwroot/mh.lingdmh.com/Application/Home/Controller/HomeController.class.php 第 32 行.
NOTIC: [8] Undefined index: chapid /www/wwwroot/mh.lingdmh.com/Application/Home/Controller/HomeController.class.php 第 42 行.
NOTIC: [8] unserialize(): Error at offset 75 of 79 bytes /www/wwwroot/mh.lingdmh.com/Application/Home/Controller/HomeController.class.php 第 63 行.
NOTIC: [8] unserialize(): Error at offset 45 of 108 bytes /www/wwwroot/mh.lingdmh.com/Application/Home/Controller/HomeController.class.php 第 63 行.
NOTIC: [8] Undefined index: user_id /www/wwwroot/mh.lingdmh.com/Application/Home/Controller/HomeController.class.php 第 71 行.
NOTIC: [2] curl_setopt(): CURLOPT_FOLLOWLOCATION cannot be activated when safe_mode is enabled or an open_basedir is set /www/wwwroot/mh.lingdmh.com/Application/Common/Util/ddhttp.class.php 第 63 行.
NOTIC: [8] Undefined index: parent /www/wwwroot/mh.lingdmh.com/Application/Home/Controller/HomeController.class.php 第 123 行.

[ 2019-01-05T01:35:52+08:00 ] 111.165.134.121 /index.php?m=&c=MhPublic&a=binding&fr=aHR0cDovL21oLmxpbmdkbWguY29tL2luZGV4LnBocD9tPSZjPUJvb2smYT1ib29raW5mbyZiaWQ9OTg%3D
INFO: [ app_init ] --START--
INFO: Run Behavior\BuildLiteBehavior [ RunTime:0.000012s ]
INFO: [ app_init ] --END-- [ RunTime:0.000221s ]
INFO: [ app_begin ] --START--
INFO: Run Behavior\ReadHtmlCacheBehavior [ RunTime:0.000278s ]
INFO: [ app_begin ] --END-- [ RunTime:0.000318s ]

[ 2019-01-05T01:35:55+08:00 ] 111.165.134.121 /index.php?m=&c=Book&a=bookinfo&bid=20
INFO: [ app_init ] --START--
INFO: Run Behavior\BuildLiteBehavior [ RunTime:0.000012s ]
INFO: [ app_init ] --END-- [ RunTime:0.000298s ]
INFO: [ app_begin ] --START--
INFO: Run Behavior\ReadHtmlCacheBehavior [ RunTime:0.000296s ]
INFO: [ app_begin ] --END-- [ RunTime:0.000341s ]
SQL: SHOW COLUMNS FROM `vv_config` [ RunTime:0.0009s ]
SQL: SELECT * FROM `vv_config`  [ RunTime:0.0003s ]
NOTIC: [8] Undefined index: imei /www/wwwroot/mh.lingdmh.com/Application/Home/Controller/HomeController.class.php 第 32 行.
NOTIC: [8] Undefined index: chapid /www/wwwroot/mh.lingdmh.com/Application/Home/Controller/HomeController.class.php 第 42 行.
NOTIC: [8] unserialize(): Error at offset 75 of 79 bytes /www/wwwroot/mh.lingdmh.com/Application/Home/Controller/HomeController.class.php 第 63 行.
NOTIC: [8] unserialize(): Error at offset 45 of 108 bytes /www/wwwroot/mh.lingdmh.com/Application/Home/Controller/HomeController.class.php 第 63 行.
NOTIC: [8] Undefined index: user_id /www/wwwroot/mh.lingdmh.com/Application/Home/Controller/HomeController.class.php 第 71 行.
NOTIC: [2] curl_setopt(): CURLOPT_FOLLOWLOCATION cannot be activated when safe_mode is enabled or an open_basedir is set /www/wwwroot/mh.lingdmh.com/Application/Common/Util/ddhttp.class.php 第 63 行.
NOTIC: [8] Undefined index: parent /www/wwwroot/mh.lingdmh.com/Application/Home/Controller/HomeController.class.php 第 123 行.

[ 2019-01-05T01:35:55+08:00 ] 111.165.134.121 /index.php?m=&c=MhPublic&a=binding&fr=aHR0cDovL21oLmxpbmdkbWguY29tL2luZGV4LnBocD9tPSZjPUJvb2smYT1ib29raW5mbyZiaWQ9MjA%3D
INFO: [ app_init ] --START--
INFO: Run Behavior\BuildLiteBehavior [ RunTime:0.000012s ]
INFO: [ app_init ] --END-- [ RunTime:0.000223s ]
INFO: [ app_begin ] --START--
INFO: Run Behavior\ReadHtmlCacheBehavior [ RunTime:0.000275s ]
INFO: [ app_begin ] --END-- [ RunTime:0.000317s ]

